"../../../../../GitLabRep/Arkanoid/Arcanoid/Content/Audio/1539153026_cartoon-spring-boing-02.uasset" 0
"../../../../../GitLabRep/Arkanoid/Arcanoid/Content/Audio/1539153026_cartoon-spring-boing-02_Cue.uasset" 1
"../../../../../GitLabRep/Arkanoid/Arcanoid/Content/Audio/brue.uasset" 2
"../../../../../GitLabRep/Arkanoid/Arcanoid/Content/Audio/brue_Cue.uasset" 3
"../../../../../GitLabRep/Arkanoid/Arcanoid/Content/Audio/bababooey-sound-effect.uasset" 4
"../../../../../GitLabRep/Arkanoid/Arcanoid/Content/Audio/bababooey-sound-effect_Cue.uasset" 5
"../../../Engine/Content/BasicShapes/BasicShapeMaterial.uasset" 6
"../../../Engine/Content/EngineMaterials/T_Default_Material_Grid_N.uasset" 7
"../../../Engine/Content/EngineMaterials/T_Default_Material_Grid_M.uasset" 8
"../../../Engine/Content/Functions/Engine_MaterialFunctions01/Opacity/CameraDepthFade.uasset" 9
"../../../Engine/Content/EngineMaterials/WorldGridMaterial.uasset" 10
"../../../Engine/Content/BasicShapes/Cube.uasset" 11
"../../../../../GitLabRep/Arkanoid/Arcanoid/Content/StarterContent/Audio/Explosion02.uasset" 12
"../../../../../GitLabRep/Arkanoid/Arcanoid/Content/StarterContent/Textures/T_Smoke_Tiled_D.uasset" 13
"../../../../../GitLabRep/Arkanoid/Arcanoid/Content/StarterContent/Textures/T_Smoke_SubUV.uasset" 14
"../../../../../GitLabRep/Arkanoid/Arcanoid/Content/StarterContent/Particles/Materials/M_smoke_subUV.uasset" 15
"../../../Engine/Content/Functions/Engine_MaterialFunctions01/Gradient/RadialGradient.uasset" 16
"../../../../../GitLabRep/Arkanoid/Arcanoid/Content/StarterContent/Particles/Materials/M_radial_ramp.uasset" 17
"../../../../../GitLabRep/Arkanoid/Arcanoid/Content/StarterContent/Particles/Materials/m_flare_01.uasset" 18
"../../../../../GitLabRep/Arkanoid/Arcanoid/Content/StarterContent/Textures/T_Explosion_SubUV.uasset" 19
"../../../../../GitLabRep/Arkanoid/Arcanoid/Content/StarterContent/Particles/Materials/M_explosion_subUV.uasset" 20
"../../../../../GitLabRep/Arkanoid/Arcanoid/Content/StarterContent/Textures/T_Burst_M.uasset" 21
"../../../../../GitLabRep/Arkanoid/Arcanoid/Content/StarterContent/Particles/Materials/M_Burst.uasset" 22
"../../../../../GitLabRep/Arkanoid/Arcanoid/Content/StarterContent/Particles/P_Explosion.uasset" 23
"../../../../../GitLabRep/Arkanoid/Arcanoid/Content/Enemy/BP_Enemy.uasset" 24
"../../../Engine/Content/EditorBlueprintResources/StandardMacros.uasset" 25
"../../../../../GitLabRep/Arkanoid/Arcanoid/Content/UI/W_PlayerUI.uasset" 26
"../../../../../GitLabRep/Arkanoid/Arcanoid/Content/UI/W_Menu.uasset" 27
"../../../../../GitLabRep/Arkanoid/Arcanoid/Content/Audio/PHOROMANE_-_KILLASTORE_71951307.uasset" 28
"../../../../../GitLabRep/Arkanoid/Arcanoid/Content/Audio/PHOROMANE_-_KILLASTORE_71951307_Cue.uasset" 29
"../../../../../GitLabRep/Arkanoid/Arcanoid/Content/Audio/povezlo-povezlo.uasset" 30
"../../../../../GitLabRep/Arkanoid/Arcanoid/Content/Audio/povezlo-povezlo_Cue.uasset" 31
"../../../../../GitLabRep/Arkanoid/Arcanoid/Content/Audio/ya-maslinu-poymal.uasset" 32
"../../../../../GitLabRep/Arkanoid/Arcanoid/Content/Audio/ya-maslinu-poymal_Cue.uasset" 33
"../../../../../GitLabRep/Arkanoid/Arcanoid/Content/UI/BP_WidgetManager.uasset" 34
"../../../Engine/Content/EngineMaterials/DefaultMaterial.uasset" 35
"../../../Engine/Content/BasicShapes/Sphere.uasset" 36
"../../../../../GitLabRep/Arkanoid/Arcanoid/Content/Player/BP_Ball.uasset" 37
"../../../../../GitLabRep/Arkanoid/Arcanoid/Content/Player/BP_Bool.uasset" 38
"../../../../../GitLabRep/Arkanoid/Arcanoid/Content/StarterContent/Materials/M_Basic_Wall.uasset" 39
"../../../../../GitLabRep/Arkanoid/Arcanoid/Content/StarterContent/Architecture/Pillar_50x500.uasset" 40
"../../../../../GitLabRep/Arkanoid/Arcanoid/Content/StarterContent/Architecture/Wall_400x300.uasset" 41
"../../../../../GitLabRep/Arkanoid/Arcanoid/Content/StarterContent/Architecture/Wall_400x400.uasset" 42
"../../../../../GitLabRep/Arkanoid/Arcanoid/Content/StarterContent/Architecture/Wall_500x500.uasset" 43
"../../../../../GitLabRep/Arkanoid/Arcanoid/Content/StarterContent/Architecture/Wall_Door_400x400.uasset" 44
"../../../../../GitLabRep/Arkanoid/Arcanoid/Content/StarterContent/Architecture/Wall_Window_400x400.uasset" 45
"../../../../../GitLabRep/Arkanoid/Arcanoid/Content/StarterContent/Audio/Collapse01.uasset" 46
"../../../../../GitLabRep/Arkanoid/Arcanoid/Content/StarterContent/Audio/Collapse02.uasset" 47
"../../../../../GitLabRep/Arkanoid/Arcanoid/Content/StarterContent/Audio/Explosion01.uasset" 48
"../../../../../GitLabRep/Arkanoid/Arcanoid/Content/StarterContent/Audio/Fire01.uasset" 49
"../../../../../GitLabRep/Arkanoid/Arcanoid/Content/StarterContent/Audio/Fire_Sparks01.uasset" 50
"../../../../../GitLabRep/Arkanoid/Arcanoid/Content/StarterContent/Audio/Light01.uasset" 51
"../../../../../GitLabRep/Arkanoid/Arcanoid/Content/StarterContent/Audio/Light01_Cue.uasset" 52
"../../../../../GitLabRep/Arkanoid/Arcanoid/Content/StarterContent/Audio/Light02.uasset" 53
"../../../../../GitLabRep/Arkanoid/Arcanoid/Content/StarterContent/Audio/Light02_Cue.uasset" 54
"../../../../../GitLabRep/Arkanoid/Arcanoid/Content/StarterContent/Audio/Smoke01.uasset" 55
"../../../../../GitLabRep/Arkanoid/Arcanoid/Content/StarterContent/Audio/Starter_Birds01.uasset" 56
"../../../../../GitLabRep/Arkanoid/Arcanoid/Content/StarterContent/Audio/Starter_Music01.uasset" 57
"../../../../../GitLabRep/Arkanoid/Arcanoid/Content/StarterContent/Audio/Starter_Wind05.uasset" 58
"../../../../../GitLabRep/Arkanoid/Arcanoid/Content/StarterContent/Audio/Starter_Wind06.uasset" 59
"../../../../../GitLabRep/Arkanoid/Arcanoid/Content/StarterContent/Audio/Steam01.uasset" 60
"../../../../../GitLabRep/Arkanoid/Arcanoid/Content/StarterContent/Audio/Explosion_Cue.uasset" 61
"../../../../../GitLabRep/Arkanoid/Arcanoid/Content/StarterContent/Blueprints/Blueprint_Effect_Explosion.uasset" 62
"../../../Engine/Content/EditorMeshes/ColorCalibrator/T_ColorGrid.uasset" 63
"../../../../../GitLabRep/Arkanoid/Arcanoid/Content/StarterContent/Materials/M_ColorGrid_LowSpec.uasset" 64
"../../../../../GitLabRep/Arkanoid/Arcanoid/Content/StarterContent/Textures/T_Bush_N.uasset" 65
"../../../../../GitLabRep/Arkanoid/Arcanoid/Content/StarterContent/Textures/T_Bush_D.uasset" 66
"../../../../../GitLabRep/Arkanoid/Arcanoid/Content/StarterContent/Props/Materials/M_Bush.uasset" 67
"../../../../../GitLabRep/Arkanoid/Arcanoid/Content/StarterContent/Props/SM_Bush.uasset" 68
"../../../../../GitLabRep/Arkanoid/Arcanoid/Content/StarterContent/Textures/T_Chair_N.uasset" 69
"../../../../../GitLabRep/Arkanoid/Arcanoid/Content/StarterContent/Textures/T_Chair_M.uasset" 70
"../../../../../GitLabRep/Arkanoid/Arcanoid/Content/StarterContent/Props/Materials/M_Chair.uasset" 71
"../../../../../GitLabRep/Arkanoid/Arcanoid/Content/StarterContent/Props/SM_Couch.uasset" 72
"../../../../../GitLabRep/Arkanoid/Arcanoid/Content/StarterContent/Textures/T_Door_N.uasset" 73
"../../../../../GitLabRep/Arkanoid/Arcanoid/Content/StarterContent/Textures/T_Door_M.uasset" 74
"../../../../../GitLabRep/Arkanoid/Arcanoid/Content/StarterContent/Props/Materials/M_Door.uasset" 75
"../../../../../GitLabRep/Arkanoid/Arcanoid/Content/StarterContent/Materials/M_Glass.uasset" 76
"../../../../../GitLabRep/Arkanoid/Arcanoid/Content/StarterContent/Props/SM_Door.uasset" 77
"../../../../../GitLabRep/Arkanoid/Arcanoid/Content/StarterContent/Props/Materials/M_MaterialSphere_Plain.uasset" 78
"../../../../../GitLabRep/Arkanoid/Arcanoid/Content/StarterContent/Props/Materials/M_MaterialSphere.uasset" 79
"../../../../../GitLabRep/Arkanoid/Arcanoid/Content/StarterContent/Props/SM_MatPreviewMesh_02.uasset" 80
"../../../../../GitLabRep/Arkanoid/Arcanoid/Content/StarterContent/Textures/T_RockMesh_N.uasset" 81
"../../../../../GitLabRep/Arkanoid/Arcanoid/Content/StarterContent/Textures/T_RockMesh_M.uasset" 82
"../../../../../GitLabRep/Arkanoid/Arcanoid/Content/StarterContent/Textures/T_Rock_Basalt_D.uasset" 83
"../../../Engine/Content/Functions/Engine_MaterialFunctions02/Utility/BlendAngleCorrectedNormals.uasset" 84
"../../../../../GitLabRep/Arkanoid/Arcanoid/Content/StarterContent/Textures/T_Detail_Rocky_N.uasset" 85
"../../../../../GitLabRep/Arkanoid/Arcanoid/Content/StarterContent/Props/Materials/M_Rock.uasset" 86
"../../../../../GitLabRep/Arkanoid/Arcanoid/Content/StarterContent/Props/SM_Rock.uasset" 87
"../../../../../GitLabRep/Arkanoid/Arcanoid/Content/StarterContent/Textures/T_Shelf_N.uasset" 88
"../../../../../GitLabRep/Arkanoid/Arcanoid/Content/StarterContent/Textures/T_Shelf_M.uasset" 89
"../../../../../GitLabRep/Arkanoid/Arcanoid/Content/StarterContent/Props/Materials/M_Shelf.uasset" 90
"../../../../../GitLabRep/Arkanoid/Arcanoid/Content/StarterContent/Props/SM_Shelf.uasset" 91
"../../../../../GitLabRep/Arkanoid/Arcanoid/Content/StarterContent/Materials/M_Basic_Floor.uasset" 92
"../../../../../GitLabRep/Arkanoid/Arcanoid/Content/StarterContent/Props/SM_Stairs.uasset" 93
"../../../../../GitLabRep/Arkanoid/Arcanoid/Content/StarterContent/Shapes/Shape_Cone.uasset" 94
"../../../../../GitLabRep/Arkanoid/Arcanoid/Content/StarterContent/Shapes/Shape_Cylinder.uasset" 95
"../../../../../GitLabRep/Arkanoid/Arcanoid/Content/StarterContent/Shapes/Shape_NarrowCapsule.uasset" 96
"../../../../../GitLabRep/Arkanoid/Arcanoid/Content/StarterContent/Shapes/Shape_Pipe.uasset" 97
"../../../../../GitLabRep/Arkanoid/Arcanoid/Content/StarterContent/Shapes/Shape_Pipe_180.uasset" 98
"../../../../../GitLabRep/Arkanoid/Arcanoid/Content/StarterContent/Shapes/Shape_Pipe_90.uasset" 99
"../../../../../GitLabRep/Arkanoid/Arcanoid/Content/StarterContent/Shapes/Shape_Plane.uasset" 100
"../../../../../GitLabRep/Arkanoid/Arcanoid/Content/StarterContent/Shapes/Shape_Torus.uasset" 101
"../../../../../GitLabRep/Arkanoid/Arcanoid/Content/StarterContent/Shapes/Shape_Trim.uasset" 102
"../../../../../GitLabRep/Arkanoid/Arcanoid/Content/StarterContent/Shapes/Shape_Trim_90_In.uasset" 103
"../../../../../GitLabRep/Arkanoid/Arcanoid/Content/StarterContent/Shapes/Shape_Trim_90_Out.uasset" 104
"../../../../../GitLabRep/Arkanoid/Arcanoid/Content/StarterContent/Shapes/Shape_TriPyramid.uasset" 105
"../../../../../GitLabRep/Arkanoid/Arcanoid/Content/StarterContent/Shapes/Shape_Tube.uasset" 106
"../../../../../GitLabRep/Arkanoid/Arcanoid/Content/StarterContent/Shapes/Shape_Wedge_B.uasset" 107
"../../../../../GitLabRep/Arkanoid/Arcanoid/Content/StarterContent/Shapes/Shape_WideCapsule.uasset" 108
"../../../Engine/Content/ArtTools/RenderToTexture/Meshes/S_1_Unit_Plane.uasset" 109
"../../../Engine/Content/BasicShapes/Cone.uasset" 110
"../../../Engine/Content/BasicShapes/Plane.uasset" 111
"../../../Engine/Content/EditorLandscapeResources/DataLayer.uasset" 112
"../../../Engine/Content/EditorLandscapeResources/DefaultAlphaTexture.uasset" 113
"../../../Engine/Content/EditorMaterials/MAT_Groups_Toggle.uasset" 114
"../../../Engine/Content/EditorMaterials/MAT_Groups_Visibility.uasset" 115
"../../../Engine/Content/EditorMaterials/PreviewShadowIndicator.uasset" 116
"../../../Engine/Content/EditorMaterials/PreviewShadowIndicatorMaterial.uasset" 117
"../../../Engine/Content/EditorMaterials/MatineeGroups/MAT_ColorTrack.uasset" 118
"../../../Engine/Content/EditorMaterials/MatineeGroups/MAT_Groups_Anim.uasset" 119
"../../../Engine/Content/EditorMaterials/MatineeGroups/MAT_Groups_AudioMaster.uasset" 120
"../../../Engine/Content/EditorMaterials/MatineeGroups/MAT_Groups_Director.uasset" 121
"../../../Engine/Content/EditorMaterials/MatineeGroups/MAT_Groups_Event.uasset" 122
"../../../Engine/Content/EditorMaterials/MatineeGroups/MAT_Groups_Fade.uasset" 123
"../../../Engine/Content/EditorMaterials/MatineeGroups/MAT_Groups_Float.uasset" 124
"../../../Engine/Content/EditorMaterials/MatineeGroups/MAT_Groups_Move.uasset" 125
"../../../Engine/Content/EditorMaterials/MatineeGroups/MAT_Groups_Slomo.uasset" 126
"../../../Engine/Content/EditorMaterials/MatineeGroups/MAT_Groups_Sound.uasset" 127
"../../../Engine/Content/EditorMaterials/MatineeGroups/MAT_Groups_Vector.uasset" 128
"../../../Engine/Content/EditorMaterials/ParticleSystems/PSysThumbnail_NoImage.uasset" 129
"../../../Engine/Content/EditorMaterials/ParticleSystems/PSysThumbnail_OOD.uasset" 130
"../../../Engine/Content/EditorMaterials/Camera/CineMat.uasset" 131
"../../../Engine/Content/EditorMaterials/Camera/MI_CineMat_Rig.uasset" 132
"../../../Engine/Content/EditorMeshes/Camera/SM_CraneRig_Arm.uasset" 133
"../../../Engine/Content/EditorMeshes/Camera/SM_CraneRig_Base.uasset" 134
"../../../Engine/Content/EditorMeshes/Camera/SM_CraneRig_Body.uasset" 135
"../../../Engine/Content/EditorMeshes/Camera/SM_CraneRig_Mount.uasset" 136
"../../../Engine/Content/EditorMeshes/Camera/SM_RailRig_Mount.uasset" 137
"../../../Engine/Content/EditorMeshes/Camera/SM_RailRig_Track.uasset" 138
"../../../Engine/Content/EditorResources/BSPVertex.uasset" 139
"../../../Engine/Content/EditorResources/EmptyActor.uasset" 140
"../../../Engine/Content/EditorResources/S_Actor.uasset" 141
"../../../Engine/Content/EditorResources/S_Note.uasset" 142
"../../../Engine/Content/EditorResources/S_Solver.uasset" 143
"../../../Engine/Content/EditorResources/S_Terrain.uasset" 144
"../../../Engine/Content/EditorResources/S_Trigger.uasset" 145
"../../../Engine/Content/EditorResources/AudioIcons/S_AudioComponent.uasset" 146
"../../../Engine/Content/EditorResources/AudioIcons/S_AudioComponent_AutoActivate.uasset" 147
"../../../Engine/Content/EditorResources/LightIcons/S_LightError.uasset" 148
"../../../Engine/Content/EditorResources/SequenceRecorder/Countdown.uasset" 149
"../../../Engine/Content/EditorResources/SequenceRecorder/RecordingIndicator.uasset" 150
"../../../Engine/Content/EngineDamageTypes/DmgTypeBP_Environmental.uasset" 151
"../../../Engine/Content/EngineDebugMaterials/DebugEditorMaterial.uasset" 152
"../../../Engine/Content/EngineDebugMaterials/DebugMeshMaterial.uasset" 153
"../../../Engine/Content/EngineDebugMaterials/M_SimpleUnlitTranslucent.uasset" 154
"../../../Engine/Content/EngineDebugMaterials/VolumeToRender.uasset" 155
"../../../Engine/Content/Functions/Engine_MaterialFunctions02/Utility/CameraDirectionVector.uasset" 156
"../../../Engine/Content/EngineDebugMaterials/M_VolumeRenderSphereTracePP.uasset" 157
"../../../Engine/Content/Functions/Engine_MaterialFunctions01/Shading/ConvertFromDiffSpec.uasset" 158
"../../../Engine/Content/EngineDebugMaterials/VertexColorMaterial.uasset" 159
"../../../Engine/Content/EngineDebugMaterials/WireframeMaterial.uasset" 160
"../../../Engine/Content/EngineFonts/Faces/RobotoBoldItalic.uasset" 161
"../../../Engine/Content/EngineFonts/Faces/RobotoBold.uasset" 162
"../../../Engine/Content/EngineFonts/Faces/DroidSansFallback.uasset" 163
"../../../Engine/Content/EngineFonts/Faces/RobotoRegular.uasset" 164
"../../../Engine/Content/EngineFonts/Faces/RobotoLight.uasset" 165
"../../../Engine/Content/EngineFonts/Faces/RobotoItalic.uasset" 166
"../../../Engine/Content/EngineFonts/Roboto.uasset" 167
"../../../Engine/Content/EngineMaterials/BaseFlattenNormalMap.uasset" 168
"../../../Engine/Content/EngineMaterials/BaseFlattenGrayscaleMap.uasset" 169
"../../../Engine/Content/EngineMaterials/BaseFlattenEmissiveMap.uasset" 170
"../../../Engine/Content/EngineMaterials/BaseFlattenDiffuseMap.uasset" 171
"../../../Engine/Content/EngineMaterials/BaseFlattenMaterial.uasset" 172
"../../../Engine/Content/EngineMaterials/BlueNoise.uasset" 173
"../../../Engine/Content/EngineMaterials/DefaultBloomKernel.uasset" 174
"../../../Engine/Content/EngineMaterials/DefaultBokeh.uasset" 175
"../../../Engine/Content/EngineMaterials/DefaultDiffuse.uasset" 176
"../../../Engine/Content/EngineMaterials/DefaultDeferredDecalMaterial.uasset" 177
"../../../Engine/Content/EngineMaterials/DefaultLightFunctionMaterial.uasset" 178
"../../../Engine/Content/EngineMaterials/DefaultPhysicalMaterial.uasset" 179
"../../../Engine/Content/Functions/Engine_MaterialFunctions02/Utility/BreakOutFloat2Components.uasset" 180
"../../../Engine/Content/EngineMaterials/DefaultPostProcessMaterial.uasset" 181
"../../../Engine/Content/EngineFonts/RobotoDistanceField.uasset" 182
"../../../Engine/Content/EngineMaterials/DefaultTextMaterialOpaque.uasset" 183
"../../../Engine/Content/EngineMaterials/DefaultWhiteGrid.uasset" 184
"../../../Engine/Content/EngineMaterials/DefaultWhiteGrid_Low.uasset" 185
"../../../Engine/Content/EngineMaterials/EmissiveMeshMaterial.uasset" 186
"../../../Engine/Content/EngineMaterials/GizmoMaterial.uasset" 187
"../../../Engine/Content/EngineMaterials/Good64x64TilingNoiseHighFreq.uasset" 188
"../../../Engine/Content/EngineMaterials/MiniFont.uasset" 189
"../../../Engine/Content/EngineMaterials/InvalidLightmapSettings.uasset" 190
"../../../Engine/Content/EngineMaterials/M_InvalidLightmapSettings.uasset" 191
"../../../Engine/Content/Functions/Engine_MaterialFunctions02/WorldPositionOffset/CameraOffset.uasset" 192
"../../../Engine/Content/EngineMaterials/PhAT_JointLimitMaterial.uasset" 193
"../../../Engine/Content/EngineMaterials/PreintegratedSkinBRDF.uasset" 194
"../../../Engine/Content/EngineMaterials/RemoveSurfaceMaterial.uasset" 195
"../../../Engine/Content/EngineMaterials/WeightMapPlaceholderTexture.uasset" 196
"../../../Engine/Content/EngineResources/WhiteSquareTexture.uasset" 197
"../../../Engine/Content/EngineMaterials/Widget3DPassThrough.uasset" 198
"../../../Engine/Content/EngineMaterials/Widget3DPassThrough_Masked.uasset" 199
"../../../Engine/Content/EngineMaterials/Widget3DPassThrough_Opaque.uasset" 200
"../../../Engine/Content/EngineMaterials/Widget3DPassThrough_Masked_OneSided.uasset" 201
"../../../Engine/Content/EngineMaterials/Widget3DPassThrough_Opaque_OneSided.uasset" 202
"../../../Engine/Content/EngineMaterials/Widget3DPassThrough_Translucent.uasset" 203
"../../../Engine/Content/EngineMaterials/Widget3DPassThrough_Translucent_OneSided.uasset" 204
"../../../Engine/Content/EngineMeshes/Cylinder.uasset" 205
"../../../Engine/Content/EngineMeshes/Sphere.uasset" 206
"../../../Engine/Content/EngineResources/Black.uasset" 207
"../../../Engine/Content/EngineResources/DefaultTextureCube.uasset" 208
"../../../Engine/Content/EngineResources/DefaultVolumeTexture2D.uasset" 209
"../../../Engine/Content/EngineResources/DefaultVolumeTexture.uasset" 210
"../../../Engine/Content/EngineResources/GradientTexture0.uasset" 211
"../../../Engine/Content/EngineSky/VolumetricClouds/T_NoiseShape64.uasset" 212
"../../../Engine/Content/EngineSky/VolumetricClouds/T_VolumeNoiseShape64.uasset" 213
"../../../Engine/Content/EngineSky/VolumetricClouds/T_NoiseErosion.uasset" 214
"../../../Engine/Content/EngineSky/VolumetricClouds/T_VolumeNoiseErosion32.uasset" 215
"../../../Engine/Content/EngineSky/VolumetricClouds/CloudWeatherTexture.uasset" 216
"../../../Engine/Content/EngineSky/VolumetricClouds/CloudGradientTexture.uasset" 217
"../../../Engine/Content/Functions/Engine_MaterialFunctions02/Utility/MakeFloat2.uasset" 218
"../../../Engine/Content/EngineSky/VolumetricClouds/m_SimpleVolumetricCloud.uasset" 219
"../../../Engine/Content/EngineSky/VolumetricClouds/m_SimpleVolumetricCloud_Inst.uasset" 220
"../../../Engine/Content/EngineSounds/Master.uasset" 221
"../../../Engine/Content/Functions/Engine_MaterialFunctions01/Shading/PowerToRoughness.uasset" 222
"../../../Engine/Content/Maps/Templates/Thumbnails/Default.uasset" 223
"../../../Engine/Content/Maps/Templates/Thumbnails/TimeOfDay.uasset" 224
"../../../Engine/Content/Maps/Templates/Thumbnails/VR-Basic.uasset" 225
"../../../Engine/Content/MobileResources/T_MobileControls_texture.uasset" 226
"../../../Engine/Content/MobileResources/T_MobileMenu2.uasset" 227
"../../../Engine/Content/MobileResources/HUD/AnalogHat.uasset" 228
"../../../Engine/Content/MobileResources/HUD/VirtualJoystick_Thumb.uasset" 229
"../../../Engine/Content/MobileResources/HUD/VirtualJoystick_Background.uasset" 230
"../../../Engine/Content/MobileResources/HUD/DefaultVirtualJoysticks.uasset" 231
"../../../Engine/Content/MobileResources/HUD/LeftVirtualJoystickOnly.uasset" 232
"../../../Engine/Content/MobileResources/HUD/MobileHUDButton1_off.uasset" 233
"../../../Engine/Content/MobileResources/HUD/MobileHUDButton1_on.uasset" 234
"../../../Engine/Content/MobileResources/HUD/MobileHUDButton2_off.uasset" 235
"../../../Engine/Content/MobileResources/HUD/MobileHUDButton2_on.uasset" 236
"../../../Engine/Content/MobileResources/HUD/MobileHUDButton3.uasset" 237
"../../../Engine/Content/MobileResources/HUD/MobileHUDButtonFire.uasset" 238
"../../../Engine/Content/MobileResources/HUD/MobileHUDDirectionPad.uasset" 239
"../../../Engine/Content/MobileResources/HUD/MobileHUDDirectionPad2.uasset" 240
"../../../Engine/Content/MobileResources/HUD/MobileHUDDirectionPad3.uasset" 241
"../../../Engine/Content/MobileResources/HUD/MobileHUDDirectionStick.uasset" 242
"../../../Engine/Content/MobileResources/HUD/T_Castle_ThumbstickInner.uasset" 243
"../../../Engine/Content/MobileResources/HUD/T_Castle_ThumbstickOutter.uasset" 244
"../../../Engine/Content/Tutorial/ContentIntroCurve.uasset" 245
"../../../Engine/Content/Tutorial/Basics/LevelEditorAttract.uasset" 246
"../../../Engine/Content/VREditor/TransformGizmo/TranslucentTransformGizmoMaterial.uasset" 247
"../../../Engine/Content/VREditor/LaserPointer/VR_LaserPower_01.uasset" 248
"../../../Engine/Content/VREditor/TransformGizmo/TransformGizmoMaterial.uasset" 249
"../../../Engine/Content/VREditor/TransformGizmo/BoundingBoxCorner.uasset" 250
"../../../Engine/Content/VREditor/TransformGizmo/BoundingBoxEdge.uasset" 251
"../../../Engine/Content/VREditor/TransformGizmo/PlaneTranslationHandle.uasset" 252
"../../../Engine/Content/VREditor/TransformGizmo/Xray.uasset" 253
"../../../Engine/Content/VREditor/TransformGizmo/Main.uasset" 254
"../../../Engine/Content/VREditor/TransformGizmo/SM_Sequencer_Key.uasset" 255
"../../../Engine/Content/VREditor/TransformGizmo/SM_Sequencer_Node.uasset" 256
"../../Plugins/2D/Paper2D/Content/PlaceholderTextures/DummySpriteTexture.uasset" 257
"../../Plugins/2D/Paper2D/Content/DummySprite.uasset" 258
"../../Plugins/2D/Paper2D/Content/DefaultPaperTerrainMaterial.uasset" 259
"../../Plugins/2D/Paper2D/Content/DefaultSpriteMaterial.uasset" 260
"../../Plugins/2D/Paper2D/Content/MaskedUnlitSpriteMaterial.uasset" 261
"../../Plugins/2D/Paper2D/Content/OpaqueUnlitSpriteMaterial.uasset" 262
"../../../Engine/Content/Functions/Engine_MaterialFunctions02/Utility/BreakOutFloat3Components.uasset" 263
"../../Plugins/Editor/SpeedTreeImporter/Content/SpeedTree9/UnpackInteger3.uasset" 264
"../../Plugins/Editor/SpeedTreeImporter/Content/SpeedTree9/UnpackDirection.uasset" 265
"../../Plugins/Editor/SpeedTreeImporter/Content/SpeedTree9/game_wind_noise.uasset" 266
"../../../Engine/Content/Functions/Engine_MaterialFunctions02/SafeNormalize.uasset" 267
"../../Plugins/Editor/SpeedTreeImporter/Content/SpeedTree9/SpeedTreeWindMotion.uasset" 268
"../../Plugins/Editor/SpeedTreeImporter/Content/SpeedTree9/SpeedTreeBranchMotion.uasset" 269
"../../../Engine/Content/Functions/Engine_MaterialFunctions02/ObjectLocalBounds.uasset" 270
"../../../Engine/Content/Functions/Engine_MaterialFunctions02/UVs/BoundingBoxBased_0-1_UVW.uasset" 271
"../../Plugins/Editor/SpeedTreeImporter/Content/SpeedTree9/SpeedTreeWind.uasset" 272
"../../Plugins/Editor/SpeedTreeImporter/Content/SpeedTree9/SpeedTreeBillboard.uasset" 273
"../../../Engine/Content/EngineResources/DefaultTexture.uasset" 274
"../../Plugins/Editor/SpeedTreeImporter/Content/SpeedTree9/SpeedTreeBillboardMaster.uasset" 275
"../../Plugins/Editor/SpeedTreeImporter/Content/SpeedTree9/SpeedTreeCameraFacing.uasset" 276
"../../Plugins/Editor/SpeedTreeImporter/Content/SpeedTree9/SpeedTreeMaster.uasset" 277
"../../../Engine/Content/BasicShapes/Cylinder.uasset" 278
"../../../Engine/Content/ArtTools/RenderToTexture/Materials/Debug/M_Emissive_Color.uasset" 279
"../../Plugins/Lumin/MagicLeapPassableWorld/Content/MagicLeapARPinInfoActor.uasset" 280
"../../../Engine/Content/Functions/Engine_MaterialFunctions02/Utility/BreakOutFloat4Components.uasset" 281
"../../../Engine/Content/Functions/Engine_MaterialFunctions02/Utility/MakeFloat3.uasset" 282
"../../Plugins/Runtime/Oculus/OculusVR/Content/Materials/OculusMR_ChromaKey.uasset" 283
"../../Plugins/Runtime/Oculus/OculusVR/Content/Materials/OculusMR_OpaqueColoredMaterial.uasset" 284
"../../Plugins/Runtime/Oculus/OculusVR/Content/Materials/PokeAHoleMaterial.uasset" 285
"../../../../../GitLabRep/Arkanoid/Arcanoid/Content/Scene/m_Green.uasset" 286
"../../../Engine/Content/EngineSky/T_Sky_Blue.uasset" 287
"../../../Engine/Content/EngineSky/T_Sky_Clouds_M.uasset" 288
"../../../Engine/Content/EngineSky/T_Sky_Stars.uasset" 289
"../../../Engine/Content/EngineSky/M_Sky_Panning_Clouds2.uasset" 290
"../../../../../GitLabRep/Arkanoid/Arcanoid/Content/Scene/MainLevel1_BuiltData.uasset" 291
"../../../Engine/Content/EngineSky/SM_SkySphere.uasset" 292
"../../../Engine/Content/EngineSky/C_Sky_Zenith_Color.uasset" 293
"../../../Engine/Content/EngineSky/C_Sky_Horizon_Color.uasset" 294
"../../../Engine/Content/EngineSky/C_Sky_Cloud_Color.uasset" 295
"../../../Engine/Content/EngineSky/BP_Sky_Sphere.uasset" 296
"../../../../../GitLabRep/Arkanoid/Arcanoid/Content/StarterContent/Shapes/Shape_Wedge_A.uasset" 297
"../../../../../GitLabRep/Arkanoid/Arcanoid/Content/Player/BP_Player.uasset" 298
"../../../../../GitLabRep/Arkanoid/Arcanoid/Content/Scene/m_Orange.uasset" 299
"../../../../../GitLabRep/Arkanoid/Arcanoid/Content/StarterContent/Textures/T_Tech_Hex_Tile_N.uasset" 300
"../../../../../GitLabRep/Arkanoid/Arcanoid/Content/StarterContent/Textures/T_Tech_Hex_Tile_M.uasset" 301
"../../../../../GitLabRep/Arkanoid/Arcanoid/Content/StarterContent/Textures/T_MacroVariation.uasset" 302
"../../../../../GitLabRep/Arkanoid/Arcanoid/Content/StarterContent/Materials/M_Tech_Hex_Tile_Pulse.uasset" 303
"../../../../../GitLabRep/Arkanoid/Arcanoid/Content/StarterContent/Textures/T_Wood_Oak_N.uasset" 304
"../../../../../GitLabRep/Arkanoid/Arcanoid/Content/StarterContent/Textures/T_Wood_Oak_D.uasset" 305
"../../../../../GitLabRep/Arkanoid/Arcanoid/Content/StarterContent/Materials/M_Wood_Oak.uasset" 306
"../../../Engine/Content/MapTemplates/SM_Template_Map_Floor.uasset" 307
"../../../../../GitLabRep/Arkanoid/Arcanoid/Content/Scene/m_Red.uasset" 308
"../../../../../GitLabRep/Arkanoid/Arcanoid/Content/Scene/MainLevel1.umap" 309
"../../../../../GitLabRep/Arkanoid/Arcanoid/Content/StarterContent/Materials/M_AssetPlatform.uasset" 310
"../../../../../GitLabRep/Arkanoid/Arcanoid/Content/StarterContent/Architecture/SM_AssetPlatform.uasset" 311
"../../../../../GitLabRep/Arkanoid/Arcanoid/Content/StarterContent/Blueprints/Assets/FogBrightnessLUT.uasset" 312
"../../../../../GitLabRep/Arkanoid/Arcanoid/Content/StarterContent/Blueprints/Assets/SunlightColorLUT.uasset" 313
"../../../../../GitLabRep/Arkanoid/Arcanoid/Content/StarterContent/Blueprints/Assets/M_LightStage_Arrows.uasset" 314
"../../../Engine/Content/MapTemplates/Sky/DaylightAmbientCubemap.uasset" 315
"../../../../../GitLabRep/Arkanoid/Arcanoid/Content/StarterContent/Blueprints/Assets/M_LightStage_Skybox_Master.uasset" 316
"../../../../../GitLabRep/Arkanoid/Arcanoid/Content/StarterContent/Blueprints/Assets/M_LightStage_Skybox_Black.uasset" 317
"../../../../../GitLabRep/Arkanoid/Arcanoid/Content/StarterContent/Blueprints/Assets/M_LightStage_Skybox_HDRI.uasset" 318
"../../../Engine/Content/EditorMaterials/Thumbnails/SkySphereMaterial.uasset" 319
"../../../../../GitLabRep/Arkanoid/Arcanoid/Content/StarterContent/Blueprints/Assets/Skybox.uasset" 320
"../../../../../GitLabRep/Arkanoid/Arcanoid/Content/StarterContent/Blueprints/Assets/SM_Arrows.uasset" 321
"../../../../../GitLabRep/Arkanoid/Arcanoid/Content/StarterContent/HDRI/HDRI_Epic_Courtyard_Daylight.uasset" 322
"../../../../../GitLabRep/Arkanoid/Arcanoid/Content/StarterContent/Blueprints/BP_LightStudio.uasset" 323
"../../../../../GitLabRep/Arkanoid/Arcanoid/Content/StarterContent/Maps/Advanced_Lighting_BuiltData.uasset" 324
"../../../Engine/Content/EditorMeshes/ColorCalibrator/M_GreyBall.uasset" 325
"../../../Engine/Content/EditorMeshes/ColorCalibrator/Color_checker.uasset" 326
"../../../Engine/Content/EditorMeshes/ColorCalibrator/M_ColorGrid.uasset" 327
"../../../Engine/Content/EditorMeshes/ColorCalibrator/M_ClearCoatBlack.uasset" 328
"../../../Engine/Content/EditorMeshes/ColorCalibrator/M_ClearCoat.uasset" 329
"../../../Engine/Content/EditorMeshes/ColorCalibrator/M_ChromeBall.uasset" 330
"../../../Engine/Content/EditorMeshes/ColorCalibrator/SM_ColorCalibrator.uasset" 331
"../../../../../GitLabRep/Arkanoid/Arcanoid/Content/StarterContent/Maps/Advanced_Lighting.umap" 332
"../../../../../GitLabRep/Arkanoid/Arcanoid/Content/StarterContent/Architecture/Floor_400x400.uasset" 333
"../../../../../GitLabRep/Arkanoid/Arcanoid/Content/StarterContent/Audio/Starter_Background_Cue.uasset" 334
"../../../../../GitLabRep/Arkanoid/Arcanoid/Content/StarterContent/Maps/Minimal_Default_BuiltData.uasset" 335
"../../../../../GitLabRep/Arkanoid/Arcanoid/Content/StarterContent/Textures/T_Metal_Gold_N.uasset" 336
"../../../../../GitLabRep/Arkanoid/Arcanoid/Content/StarterContent/Textures/T_Metal_Aluminum_D.uasset" 337
"../../../../../GitLabRep/Arkanoid/Arcanoid/Content/StarterContent/Materials/M_Metal_Burnished_Steel.uasset" 338
"../../../../../GitLabRep/Arkanoid/Arcanoid/Content/StarterContent/Textures/T_Metal_Copper_D.uasset" 339
"../../../../../GitLabRep/Arkanoid/Arcanoid/Content/StarterContent/Materials/M_Metal_Copper.uasset" 340
"../../../../../GitLabRep/Arkanoid/Arcanoid/Content/StarterContent/Textures/T_Statue_N.uasset" 341
"../../../../../GitLabRep/Arkanoid/Arcanoid/Content/StarterContent/Textures/T_Statue_M.uasset" 342
"../../../../../GitLabRep/Arkanoid/Arcanoid/Content/StarterContent/Props/Materials/M_StatueGlass.uasset" 343
"../../../../../GitLabRep/Arkanoid/Arcanoid/Content/StarterContent/Props/SM_Chair.uasset" 344
"../../../../../GitLabRep/Arkanoid/Arcanoid/Content/StarterContent/Props/Materials/M_Statue.uasset" 345
"../../../../../GitLabRep/Arkanoid/Arcanoid/Content/StarterContent/Props/SM_Statue.uasset" 346
"../../../../../GitLabRep/Arkanoid/Arcanoid/Content/StarterContent/Textures/T_TableRound_N.uasset" 347
"../../../../../GitLabRep/Arkanoid/Arcanoid/Content/StarterContent/Textures/T_TableRound_M.uasset" 348
"../../../../../GitLabRep/Arkanoid/Arcanoid/Content/StarterContent/Props/Materials/M_TableRound.uasset" 349
"../../../../../GitLabRep/Arkanoid/Arcanoid/Content/StarterContent/Props/SM_TableRound.uasset" 350
"../../../../../GitLabRep/Arkanoid/Arcanoid/Content/StarterContent/Materials/M_Metal_Brushed_Nickel.uasset" 351
"../../../../../GitLabRep/Arkanoid/Arcanoid/Content/StarterContent/Maps/Minimal_Default.umap" 352
"../../../../../GitLabRep/Arkanoid/Arcanoid/Content/StarterContent/Shapes/Shape_Sphere.uasset" 353
"../../../../../GitLabRep/Arkanoid/Arcanoid/Content/StarterContent/Shapes/Shape_QuadPyramid.uasset" 354
"../../../../../GitLabRep/Arkanoid/Arcanoid/Content/StarterContent/Shapes/Shape_Cube.uasset" 355
"../../../../../GitLabRep/Arkanoid/Arcanoid/Content/StarterContent/Textures/T_Frame_N.uasset" 356
"../../../../../GitLabRep/Arkanoid/Arcanoid/Content/StarterContent/Textures/T_Frame_M.uasset" 357
"../../../../../GitLabRep/Arkanoid/Arcanoid/Content/StarterContent/Props/Materials/M_Frame.uasset" 358
"../../../../../GitLabRep/Arkanoid/Arcanoid/Content/StarterContent/Props/SM_WindowFrame.uasset" 359
"../../../../../GitLabRep/Arkanoid/Arcanoid/Content/StarterContent/Props/SM_PillarFrame300.uasset" 360
"../../../../../GitLabRep/Arkanoid/Arcanoid/Content/StarterContent/Props/SM_PillarFrame.uasset" 361
"../../../../../GitLabRep/Arkanoid/Arcanoid/Content/StarterContent/Architecture/Wall_Door_400x300.uasset" 362
"../../../../../GitLabRep/Arkanoid/Arcanoid/Content/StarterContent/Architecture/Wall_Window_400x300.uasset" 363
"../../../../../GitLabRep/Arkanoid/Arcanoid/Content/StarterContent/Audio/Collapse_Cue.uasset" 364
"../../../../../GitLabRep/Arkanoid/Arcanoid/Content/StarterContent/Architecture/Wall_400x200.uasset" 365
"../../../../../GitLabRep/Arkanoid/Arcanoid/Content/StarterContent/Audio/Starter_Music_Cue.uasset" 366
"../../../../../GitLabRep/Arkanoid/Arcanoid/Content/StarterContent/Textures/T_Lamp_N.uasset" 367
"../../../../../GitLabRep/Arkanoid/Arcanoid/Content/StarterContent/Textures/T_Lamp_M.uasset" 368
"../../../../../GitLabRep/Arkanoid/Arcanoid/Content/StarterContent/Props/Materials/M_Lamp.uasset" 369
"../../../../../GitLabRep/Arkanoid/Arcanoid/Content/StarterContent/Props/SM_Lamp_Ceiling.uasset" 370
"../../../../../GitLabRep/Arkanoid/Arcanoid/Content/StarterContent/Blueprints/Blueprint_CeilingLight.uasset" 371
"../../../../../GitLabRep/Arkanoid/Arcanoid/Content/StarterContent/Audio/Fire01_Cue.uasset" 372
"../../../../../GitLabRep/Arkanoid/Arcanoid/Content/StarterContent/Particles/Materials/M_Radial_Gradient.uasset" 373
"../../../../../GitLabRep/Arkanoid/Arcanoid/Content/StarterContent/Textures/T_Water_N.uasset" 374
"../../../../../GitLabRep/Arkanoid/Arcanoid/Content/StarterContent/Particles/Materials/M_Heat_Distortion.uasset" 375
"../../../../../GitLabRep/Arkanoid/Arcanoid/Content/StarterContent/Textures/T_Fire_Tiled_D.uasset" 376
"../../../../../GitLabRep/Arkanoid/Arcanoid/Content/StarterContent/Textures/T_Fire_SubUV.uasset" 377
"../../../../../GitLabRep/Arkanoid/Arcanoid/Content/StarterContent/Particles/Materials/M_Fire_SubUV.uasset" 378
"../../../../../GitLabRep/Arkanoid/Arcanoid/Content/StarterContent/Particles/P_Fire.uasset" 379
"../../../../../GitLabRep/Arkanoid/Arcanoid/Content/StarterContent/Blueprints/Blueprint_Effect_Fire.uasset" 380
"../../../../../GitLabRep/Arkanoid/Arcanoid/Content/StarterContent/Audio/Smoke01_Cue.uasset" 381
"../../../../../GitLabRep/Arkanoid/Arcanoid/Content/StarterContent/Particles/P_Smoke.uasset" 382
"../../../../../GitLabRep/Arkanoid/Arcanoid/Content/StarterContent/Blueprints/Blueprint_Effect_Smoke.uasset" 383
"../../../../../GitLabRep/Arkanoid/Arcanoid/Content/StarterContent/Audio/Fire_Sparks01_Cue.uasset" 384
"../../../../../GitLabRep/Arkanoid/Arcanoid/Content/StarterContent/Textures/T_Spark_Core.uasset" 385
"../../../../../GitLabRep/Arkanoid/Arcanoid/Content/StarterContent/Particles/Materials/M_Spark.uasset" 386
"../../../../../GitLabRep/Arkanoid/Arcanoid/Content/StarterContent/Particles/P_Sparks.uasset" 387
"../../../../../GitLabRep/Arkanoid/Arcanoid/Content/StarterContent/Blueprints/Blueprint_Effect_Sparks.uasset" 388
"../../../../../GitLabRep/Arkanoid/Arcanoid/Content/StarterContent/Audio/Steam01_Cue.uasset" 389
"../../../../../GitLabRep/Arkanoid/Arcanoid/Content/StarterContent/Particles/P_Steam_Lit.uasset" 390
"../../../../../GitLabRep/Arkanoid/Arcanoid/Content/StarterContent/Blueprints/Blueprint_Effect_Steam.uasset" 391
"../../../../../GitLabRep/Arkanoid/Arcanoid/Content/StarterContent/Props/SM_Lamp_Wall.uasset" 392
"../../../../../GitLabRep/Arkanoid/Arcanoid/Content/StarterContent/Blueprints/Blueprint_WallSconce.uasset" 393
"../../../../../GitLabRep/Arkanoid/Arcanoid/Content/StarterContent/Props/SM_DoorFrame.uasset" 394
"../../../../../GitLabRep/Arkanoid/Arcanoid/Content/StarterContent/Textures/T_Concrete_Poured_N.uasset" 395
"../../../../../GitLabRep/Arkanoid/Arcanoid/Content/StarterContent/Textures/T_Concrete_Poured_D.uasset" 396
"../../../../../GitLabRep/Arkanoid/Arcanoid/Content/StarterContent/Textures/T_Perlin_Noise_M.uasset" 397
"../../../../../GitLabRep/Arkanoid/Arcanoid/Content/StarterContent/Materials/M_Concrete_Poured.uasset" 398
"../../../../../GitLabRep/Arkanoid/Arcanoid/Content/StarterContent/Maps/StarterMap_BuiltData.uasset" 399
"../../../Engine/Content/Functions/Engine_MaterialFunctions03/Procedurals/ComputeFilterWidth.uasset" 400
"../../../Engine/Content/EngineMaterials/AntiAliasedTextMaterialTranslucent.uasset" 401
"../../../../../GitLabRep/Arkanoid/Arcanoid/Content/StarterContent/Textures/T_Brick_Clay_Beveled_N.uasset" 402
"../../../../../GitLabRep/Arkanoid/Arcanoid/Content/StarterContent/Textures/T_Brick_Clay_Beveled_M.uasset" 403
"../../../../../GitLabRep/Arkanoid/Arcanoid/Content/StarterContent/Textures/T_Brick_Clay_Beveled_D.uasset" 404
"../../../../../GitLabRep/Arkanoid/Arcanoid/Content/StarterContent/Materials/M_Brick_Clay_Beveled.uasset" 405
"../../../../../GitLabRep/Arkanoid/Arcanoid/Content/StarterContent/Textures/T_Brick_Clay_New_N.uasset" 406
"../../../../../GitLabRep/Arkanoid/Arcanoid/Content/StarterContent/Textures/T_Brick_Clay_New_M.uasset" 407
"../../../../../GitLabRep/Arkanoid/Arcanoid/Content/StarterContent/Textures/T_Brick_Clay_New_D.uasset" 408
"../../../../../GitLabRep/Arkanoid/Arcanoid/Content/StarterContent/Materials/M_Brick_Clay_New.uasset" 409
"../../../../../GitLabRep/Arkanoid/Arcanoid/Content/StarterContent/Textures/T_Brick_Clay_Old_N.uasset" 410
"../../../../../GitLabRep/Arkanoid/Arcanoid/Content/StarterContent/Textures/T_Brick_Clay_Old_D.uasset" 411
"../../../../../GitLabRep/Arkanoid/Arcanoid/Content/StarterContent/Materials/M_Brick_Clay_Old.uasset" 412
"../../../../../GitLabRep/Arkanoid/Arcanoid/Content/StarterContent/Props/SM_GlassWindow.uasset" 413
"../../../../../GitLabRep/Arkanoid/Arcanoid/Content/StarterContent/Textures/T_Brick_Cut_Stone_N.uasset" 414
"../../../../../GitLabRep/Arkanoid/Arcanoid/Content/StarterContent/Textures/T_Brick_Cut_Stone_D.uasset" 415
"../../../../../GitLabRep/Arkanoid/Arcanoid/Content/StarterContent/Materials/M_Brick_Cut_Stone.uasset" 416
"../../../../../GitLabRep/Arkanoid/Arcanoid/Content/StarterContent/Textures/T_Rock_Marble_Polished_D.uasset" 417
"../../../../../GitLabRep/Arkanoid/Arcanoid/Content/StarterContent/Textures/T_Ceramic_Tile_N.uasset" 418
"../../../../../GitLabRep/Arkanoid/Arcanoid/Content/StarterContent/Textures/T_Ceramic_Tile_M.uasset" 419
"../../../../../GitLabRep/Arkanoid/Arcanoid/Content/StarterContent/Materials/M_Ceramic_Tile_Checker.uasset" 420
"../../../../../GitLabRep/Arkanoid/Arcanoid/Content/StarterContent/Textures/T_CobbleStone_Pebble_N.uasset" 421
"../../../../../GitLabRep/Arkanoid/Arcanoid/Content/StarterContent/Textures/T_CobbleStone_Pebble_M.uasset" 422
"../../../../../GitLabRep/Arkanoid/Arcanoid/Content/StarterContent/Textures/T_CobbleStone_Pebble_D.uasset" 423
"../../../../../GitLabRep/Arkanoid/Arcanoid/Content/StarterContent/Materials/M_CobbleStone_Pebble.uasset" 424
"../../../../../GitLabRep/Arkanoid/Arcanoid/Content/StarterContent/Textures/T_Rock_Smooth_Granite_D.uasset" 425
"../../../../../GitLabRep/Arkanoid/Arcanoid/Content/StarterContent/Textures/T_Gradinet_01.uasset" 426
"../../../../../GitLabRep/Arkanoid/Arcanoid/Content/StarterContent/Textures/T_CobbleStone_Rough_N.uasset" 427
"../../../../../GitLabRep/Arkanoid/Arcanoid/Content/StarterContent/Textures/T_CobbleStone_Rough_D.uasset" 428
"../../../../../GitLabRep/Arkanoid/Arcanoid/Content/StarterContent/Materials/M_CobbleStone_Rough.uasset" 429
"../../../../../GitLabRep/Arkanoid/Arcanoid/Content/StarterContent/Textures/T_CobbleStone_Smooth_N.uasset" 430
"../../../../../GitLabRep/Arkanoid/Arcanoid/Content/StarterContent/Textures/T_CobbleStone_Smooth_M.uasset" 431
"../../../../../GitLabRep/Arkanoid/Arcanoid/Content/StarterContent/Textures/T_CobbleStone_Smooth_D.uasset" 432
"../../../../../GitLabRep/Arkanoid/Arcanoid/Content/StarterContent/Materials/M_CobbleStone_Smooth.uasset" 433
"../../../../../GitLabRep/Arkanoid/Arcanoid/Content/StarterContent/Textures/T_Metal_Rust_N.uasset" 434
"../../../../../GitLabRep/Arkanoid/Arcanoid/Content/StarterContent/Textures/T_Concrete_Grime_D.uasset" 435
"../../../../../GitLabRep/Arkanoid/Arcanoid/Content/StarterContent/Materials/M_Concrete_Grime.uasset" 436
"../../../../../GitLabRep/Arkanoid/Arcanoid/Content/StarterContent/Textures/T_Concrete_Panels_N.uasset" 437
"../../../../../GitLabRep/Arkanoid/Arcanoid/Content/StarterContent/Textures/T_Concrete_Panels_D.uasset" 438
"../../../../../GitLabRep/Arkanoid/Arcanoid/Content/StarterContent/Materials/M_Concrete_Panels.uasset" 439
"../../../../../GitLabRep/Arkanoid/Arcanoid/Content/StarterContent/Textures/T_Concrete_Tiles_Variation_M.uasset" 440
"../../../../../GitLabRep/Arkanoid/Arcanoid/Content/StarterContent/Textures/T_Concrete_Tiles_N.uasset" 441
"../../../../../GitLabRep/Arkanoid/Arcanoid/Content/StarterContent/Textures/T_Concrete_Tiles_M.uasset" 442
"../../../../../GitLabRep/Arkanoid/Arcanoid/Content/StarterContent/Textures/T_Concrete_Tiles_D.uasset" 443
"../../../../../GitLabRep/Arkanoid/Arcanoid/Content/StarterContent/Materials/M_Concrete_Tiles.uasset" 444
"../../../../../GitLabRep/Arkanoid/Arcanoid/Content/StarterContent/Textures/T_Ground_Grass_N.uasset" 445
"../../../../../GitLabRep/Arkanoid/Arcanoid/Content/StarterContent/Textures/T_Ground_Grass_D.uasset" 446
"../../../../../GitLabRep/Arkanoid/Arcanoid/Content/StarterContent/Materials/M_Ground_Grass.uasset" 447
"../../../../../GitLabRep/Arkanoid/Arcanoid/Content/StarterContent/Textures/T_Ground_Gravel_N.uasset" 448
"../../../../../GitLabRep/Arkanoid/Arcanoid/Content/StarterContent/Textures/T_Ground_Gravel_D.uasset" 449
"../../../../../GitLabRep/Arkanoid/Arcanoid/Content/StarterContent/Materials/M_Ground_Gravel.uasset" 450
"../../../../../GitLabRep/Arkanoid/Arcanoid/Content/StarterContent/Textures/T_Ground_Moss_N.uasset" 451
"../../../../../GitLabRep/Arkanoid/Arcanoid/Content/StarterContent/Textures/T_ground_Moss_D.uasset" 452
"../../../../../GitLabRep/Arkanoid/Arcanoid/Content/StarterContent/Materials/M_Ground_Moss.uasset" 453
"../../../../../GitLabRep/Arkanoid/Arcanoid/Content/StarterContent/Materials/M_Metal_Chrome.uasset" 454
"../../../../../GitLabRep/Arkanoid/Arcanoid/Content/StarterContent/Textures/T_Metal_Gold_D.uasset" 455
"../../../../../GitLabRep/Arkanoid/Arcanoid/Content/StarterContent/Materials/M_Metal_Gold.uasset" 456
"../../../../../GitLabRep/Arkanoid/Arcanoid/Content/StarterContent/Textures/T_Metal_Rust_D.uasset" 457
"../../../../../GitLabRep/Arkanoid/Arcanoid/Content/StarterContent/Materials/M_Metal_Rust.uasset" 458
"../../../../../GitLabRep/Arkanoid/Arcanoid/Content/StarterContent/Textures/T_Metal_Steel_N.uasset" 459
"../../../../../GitLabRep/Arkanoid/Arcanoid/Content/StarterContent/Textures/T_Metal_Steel_D.uasset" 460
"../../../../../GitLabRep/Arkanoid/Arcanoid/Content/StarterContent/Materials/M_Metal_Steel.uasset" 461
"../../../../../GitLabRep/Arkanoid/Arcanoid/Content/StarterContent/Textures/T_Rock_Basalt_N.uasset" 462
"../../../../../GitLabRep/Arkanoid/Arcanoid/Content/StarterContent/Materials/M_Rock_Basalt.uasset" 463
"../../../../../GitLabRep/Arkanoid/Arcanoid/Content/StarterContent/Materials/M_Rock_Marble_Polished.uasset" 464
"../../../../../GitLabRep/Arkanoid/Arcanoid/Content/StarterContent/Textures/T_Rock_Sandstone_N.uasset" 465
"../../../../../GitLabRep/Arkanoid/Arcanoid/Content/StarterContent/Textures/T_Rock_Sandstone_D.uasset" 466
"../../../../../GitLabRep/Arkanoid/Arcanoid/Content/StarterContent/Materials/M_Rock_Sandstone.uasset" 467
"../../../../../GitLabRep/Arkanoid/Arcanoid/Content/StarterContent/Textures/T_Rock_Slate_N.uasset" 468
"../../../../../GitLabRep/Arkanoid/Arcanoid/Content/StarterContent/Textures/T_Rock_Slate_D.uasset" 469
"../../../../../GitLabRep/Arkanoid/Arcanoid/Content/StarterContent/Materials/M_Rock_Slate.uasset" 470
"../../../../../GitLabRep/Arkanoid/Arcanoid/Content/StarterContent/Textures/T_Tech_Dot_N.uasset" 471
"../../../../../GitLabRep/Arkanoid/Arcanoid/Content/StarterContent/Textures/T_Tech_Dot_M.uasset" 472
"../../../../../GitLabRep/Arkanoid/Arcanoid/Content/StarterContent/Textures/T_Single_Tile_N.uasset" 473
"../../../../../GitLabRep/Arkanoid/Arcanoid/Content/StarterContent/Textures/T_Checker_Noise_M.uasset" 474
"../../../../../GitLabRep/Arkanoid/Arcanoid/Content/StarterContent/Materials/M_Tech_Checker_Dot.uasset" 475
"../../../../../GitLabRep/Arkanoid/Arcanoid/Content/StarterContent/Materials/M_Tech_Hex_Tile.uasset" 476
"../../../../../GitLabRep/Arkanoid/Arcanoid/Content/StarterContent/Textures/T_Tech_Panel_N.uasset" 477
"../../../../../GitLabRep/Arkanoid/Arcanoid/Content/StarterContent/Textures/T_Tech_Panel_M.uasset" 478
"../../../../../GitLabRep/Arkanoid/Arcanoid/Content/StarterContent/Materials/M_Tech_Panel.uasset" 479
"../../../../../GitLabRep/Arkanoid/Arcanoid/Content/StarterContent/Materials/M_Water_Lake.uasset" 480
"../../../../../GitLabRep/Arkanoid/Arcanoid/Content/StarterContent/Textures/T_Water_M.uasset" 481
"../../../../../GitLabRep/Arkanoid/Arcanoid/Content/StarterContent/Materials/M_Water_Ocean.uasset" 482
"../../../../../GitLabRep/Arkanoid/Arcanoid/Content/StarterContent/Textures/T_Wood_Floor_Walnut_N.uasset" 483
"../../../../../GitLabRep/Arkanoid/Arcanoid/Content/StarterContent/Textures/T_Wood_Floor_Walnut_M.uasset" 484
"../../../../../GitLabRep/Arkanoid/Arcanoid/Content/StarterContent/Textures/T_Wood_Floor_Walnut_D.uasset" 485
"../../../../../GitLabRep/Arkanoid/Arcanoid/Content/StarterContent/Materials/M_Wood_Floor_Walnut_Polished.uasset" 486
"../../../Engine/Content/Functions/Engine_MaterialFunctions01/Opacity/AlphaOffset.uasset" 487
"../../../../../GitLabRep/Arkanoid/Arcanoid/Content/StarterContent/Materials/M_Wood_Floor_Walnut_Worn.uasset" 488
"../../../../../GitLabRep/Arkanoid/Arcanoid/Content/StarterContent/Textures/T_Brick_Hewn_Stone_N.uasset" 489
"../../../../../GitLabRep/Arkanoid/Arcanoid/Content/StarterContent/Textures/T_Brick_Hewn_Stone_M.uasset" 490
"../../../../../GitLabRep/Arkanoid/Arcanoid/Content/StarterContent/Textures/T_Brick_Hewn_Stone_D.uasset" 491
"../../../../../GitLabRep/Arkanoid/Arcanoid/Content/StarterContent/Materials/M_Brick_Hewn_Stone.uasset" 492
"../../../../../GitLabRep/Arkanoid/Arcanoid/Content/StarterContent/Textures/T_Wood_Walnut_N.uasset" 493
"../../../../../GitLabRep/Arkanoid/Arcanoid/Content/StarterContent/Textures/T_Wood_Walnut_D.uasset" 494
"../../../../../GitLabRep/Arkanoid/Arcanoid/Content/StarterContent/Materials/M_Wood_Walnut.uasset" 495
"../../../../../GitLabRep/Arkanoid/Arcanoid/Content/StarterContent/Textures/T_Wood_Pine_N.uasset" 496
"../../../../../GitLabRep/Arkanoid/Arcanoid/Content/StarterContent/Textures/T_Wood_Pine_D.uasset" 497
"../../../../../GitLabRep/Arkanoid/Arcanoid/Content/StarterContent/Materials/M_Wood_Pine.uasset" 498
"../../../../../GitLabRep/Arkanoid/Arcanoid/Content/StarterContent/Textures/T_Dust_Particle_D.uasset" 499
"../../../../../GitLabRep/Arkanoid/Arcanoid/Content/StarterContent/Particles/Materials/M_Dust_Particle.uasset" 500
"../../../../../GitLabRep/Arkanoid/Arcanoid/Content/StarterContent/Particles/P_Ambient_Dust.uasset" 501
"../../../../../GitLabRep/Arkanoid/Arcanoid/Content/StarterContent/Props/MaterialSphere.uasset" 502
"../../../../../GitLabRep/Arkanoid/Arcanoid/Content/StarterContent/Props/SM_CornerFrame.uasset" 503
"../../../../../GitLabRep/Arkanoid/Arcanoid/Content/StarterContent/Maps/StarterMap.umap" 504
"../../../Engine/Content/Maps/Entry_BuiltData.uasset" 505
"../../../Engine/Content/Maps/Entry.umap" 506
